[kbplacer_plugin_action.py:65]: Plugin version: 0.12
[kbplacer_plugin_action.py:66]: Python version: '3.11.5 (main, Jul 16 2024, 08:01:06) [MSC v.1939 64 bit (AMD64)]'
[kbplacer_plugin_action.py:67]: KiCad version: 8.0.4 with 4.2.0 msw (phoenix) wxWidgets 3.2.5
[kbplacer_dialog.py:585]: Language: en
[kbplacer_plugin_action.py:75]: GUI state: {"layout_path": "C:\\Users\\littl\\Documents\\code\\shrimple\\shrimple_KLE.json", "key_distance": [19.05, 19.05], "key_info": {"annotation_format": "MX{}", "position_option": "Default", "position": {"x": 0.0, "y": 0.0, "orientation": 0.0, "side": "Front"}, "template_path": ""}, "enable_diode_placement": true, "route_switches_with_diodes": false, "optimize_diodes_orientation": false, "diode_info": {"annotation_format": "D{}", "position_option": "Custom", "position": {"x": 8.0, "y": 1.0, "orientation": 90.0, "side": "Back"}, "template_path": ""}, "additional_elements": [{"annotation_format": "ST{}", "position_option": "Custom", "position": {"x": 0.0, "y": 0.0, "orientation": 0.0, "side": "Front"}, "template_path": ""}], "route_rows_and_columns": false, "template_path": "", "generate_outline": false, "outline_delta": 0.0}
[key_placer.py:361]: Set key 1U distance: 19050000/19050000
[key_placer.py:123]: Switches by nets: defaultdict(<class 'list'>, {frozenset({'COL11', 'ROW4'}): ['MX52'], frozenset({'COL10', 'ROW4'}): ['MX51'], frozenset({'ROW4', 'COL9'}): ['MX50'], frozenset({'ROW4', 'COL8'}): ['MX49'], frozenset({'ROW4', 'COL6'}): ['MX48'], frozenset({'ROW4', 'COL4'}): ['MX47'], frozenset({'ROW4', 'COL2'}): ['MX46'], frozenset({'ROW4', 'COL1'}): ['MX45'], frozenset({'ROW4', 'COL0'}): ['MX44'], frozenset({'COL11', 'ROW3'}): ['MX43'], frozenset({'COL10', 'ROW3'}): ['MX42'], frozenset({'ROW3', 'COL9'}): ['MX41'], frozenset({'ROW3', 'COL8'}): ['MX40'], frozenset({'ROW3', 'COL7'}): ['MX39'], frozenset({'ROW3', 'COL6'}): ['MX38'], frozenset({'ROW3', 'COL5'}): ['MX37'], frozenset({'ROW3', 'COL4'}): ['MX36'], frozenset({'ROW3', 'COL3'}): ['MX35'], frozenset({'ROW3', 'COL2'}): ['MX34'], frozenset({'ROW3', 'COL1'}): ['MX33'], frozenset({'ROW3', 'COL0'}): ['MX32'], frozenset({'COL11', 'ROW2'}): ['MX31'], frozenset({'COL10', 'ROW2'}): ['MX30'], frozenset({'COL9', 'ROW2'}): ['MX29'], frozenset({'COL8', 'ROW2'}): ['MX28'], frozenset({'ROW2', 'COL7'}): ['MX27'], frozenset({'COL6', 'ROW2'}): ['MX26'], frozenset({'ROW2', 'COL5'}): ['MX25'], frozenset({'COL4', 'ROW2'}): ['MX24'], frozenset({'COL3', 'ROW2'}): ['MX23'], frozenset({'ROW2', 'COL2'}): ['MX22'], frozenset({'COL1', 'ROW2'}): ['MX21'], frozenset({'ROW2', 'COL0'}): ['MX20'], frozenset({'COL11', 'ROW0'}): ['MX19'], frozenset({'COL11', 'ROW1'}): ['MX18'], frozenset({'COL10', 'ROW1'}): ['MX17'], frozenset({'COL9', 'ROW1'}): ['MX16'], frozenset({'COL8', 'ROW1'}): ['MX15'], frozenset({'ROW1', 'COL7'}): ['MX14'], frozenset({'COL6', 'ROW1'}): ['MX13'], frozenset({'ROW1', 'COL5'}): ['MX12'], frozenset({'COL4', 'ROW1'}): ['MX11'], frozenset({'COL3', 'ROW1'}): ['MX10'], frozenset({'ROW1', 'COL2'}): ['MX9'], frozenset({'COL1', 'ROW1'}): ['MX8'], frozenset({'ROW1', 'COL0'}): ['MX7'], frozenset({'ROW0', 'COL5'}): ['MX6'], frozenset({'ROW0', 'COL4'}): ['MX5'], frozenset({'ROW0', 'COL3'}): ['MX4'], frozenset({'ROW0', 'COL2'}): ['MX3'], frozenset({'ROW0', 'COL1'}): ['MX2'], frozenset({'ROW0', 'COL0'}): ['MX1']})
[key_placer.py:127]: Diodes by switch: {'MX52': ['D52'], 'MX51': ['D51'], 'MX50': ['D50'], 'MX49': ['D49'], 'MX48': ['D48'], 'MX47': ['D47'], 'MX46': ['D46'], 'MX45': ['D45'], 'MX44': ['D44'], 'MX43': ['D43'], 'MX42': ['D42'], 'MX41': ['D41'], 'MX40': ['D40'], 'MX39': ['D39'], 'MX38': ['D38'], 'MX37': ['D37'], 'MX36': ['D36'], 'MX35': ['D35'], 'MX34': ['D34'], 'MX33': ['D33'], 'MX32': ['D32'], 'MX31': ['D31'], 'MX30': ['D30'], 'MX29': ['D29'], 'MX28': ['D28'], 'MX27': ['D27'], 'MX26': ['D26'], 'MX25': ['D25'], 'MX24': ['D24'], 'MX23': ['D23'], 'MX22': ['D22'], 'MX21': ['D21'], 'MX20': ['D20'], 'MX19': ['D19'], 'MX18': ['D18'], 'MX17': ['D17'], 'MX16': ['D16'], 'MX15': ['D15'], 'MX14': ['D14'], 'MX13': ['D13'], 'MX12': ['D12'], 'MX11': ['D11'], 'MX10': ['D10'], 'MX9': ['D9'], 'MX8': ['D8'], 'MX7': ['D7'], 'MX6': ['D6'], 'MX5': ['D5'], 'MX4': ['D4'], 'MX3': ['D3'], 'MX2': ['D2'], 'MX1': ['D1']}
[kle_serial.py:897]: User layout: [{'backcolor': '#ffb487', 'name': 'shrimple', 'author': 'anchovie'}, ['Esc', {'x': 0.25}, '!\n1', '@\n2', '#\n3', '$\n4', '%\n5'], [{'y': 0.25}, 'Tab', 'Q', 'W', 'E', 'R', 'T', 'Y', 'U', 'I', 'O', 'P', '{\n[', '}\n]'], [{'w': 1.5}, 'Ctrl', 'A', 'S', 'D', 'F', 'G', 'H', 'J', 'K', 'L', ':\n;', {'w': 1.5}, 'Enter'], [{'w': 1.75}, 'Shift', 'Z', 'X', 'C', 'V', 'B', 'N', 'M', '<\n,', '>\n.', {'w': 1.25}, 'Shift', 'Fn2'], [{'w': 1.25}, 'Win', 'Fn1', {'w': 1.25}, 'Alt', {'x': 5.5}, '←', '↑', '↓', '→'], [{'y': -0.75, 'x': 3.75, 'w': 2.25}, 'Backspace', {'w': 2.75}, 'Space']]
[key_placer.py:661]: Layout offset: (28575000, 28575000)
[board_modifier.py:85]: Setting MX1 footprint position: (38100000, 38100000)
[board_modifier.py:85]: Setting MX2 footprint position: (61912500, 38100000)
[board_modifier.py:85]: Setting MX3 footprint position: (80962500, 38100000)
[board_modifier.py:85]: Setting MX4 footprint position: (100012500, 38100000)
[board_modifier.py:85]: Setting MX5 footprint position: (119062500, 38100000)
[board_modifier.py:85]: Setting MX6 footprint position: (138112500, 38100000)
[board_modifier.py:85]: Setting MX7 footprint position: (38100000, 61912500)
[board_modifier.py:85]: Setting MX8 footprint position: (57150000, 61912500)
[board_modifier.py:85]: Setting MX9 footprint position: (76200000, 61912500)
[board_modifier.py:85]: Setting MX10 footprint position: (95250000, 61912500)
[board_modifier.py:85]: Setting MX11 footprint position: (114300000, 61912500)
[board_modifier.py:85]: Setting MX12 footprint position: (133350000, 61912500)
[board_modifier.py:85]: Setting MX13 footprint position: (152400000, 61912500)
[board_modifier.py:85]: Setting MX14 footprint position: (171450000, 61912500)
[board_modifier.py:85]: Setting MX15 footprint position: (190500000, 61912500)
[board_modifier.py:85]: Setting MX16 footprint position: (209550000, 61912500)
[board_modifier.py:85]: Setting MX17 footprint position: (228600000, 61912500)
[board_modifier.py:85]: Setting MX18 footprint position: (247650000, 61912500)
[board_modifier.py:85]: Setting MX19 footprint position: (266700000, 61912500)
[board_modifier.py:85]: Setting MX20 footprint position: (42862500, 80962500)
[board_modifier.py:85]: Setting MX21 footprint position: (66675000, 80962500)
[board_modifier.py:85]: Setting MX22 footprint position: (85725000, 80962500)
[board_modifier.py:85]: Setting MX23 footprint position: (104775000, 80962500)
[board_modifier.py:85]: Setting MX24 footprint position: (123825000, 80962500)
[board_modifier.py:85]: Setting MX25 footprint position: (142875000, 80962500)
[board_modifier.py:85]: Setting MX26 footprint position: (161925000, 80962500)
[board_modifier.py:85]: Setting MX27 footprint position: (180975000, 80962500)
[board_modifier.py:85]: Setting MX28 footprint position: (200025000, 80962500)
[board_modifier.py:85]: Setting MX29 footprint position: (219075000, 80962500)
[board_modifier.py:85]: Setting MX30 footprint position: (238125000, 80962500)
[board_modifier.py:85]: Setting MX31 footprint position: (261937500, 80962500)
[board_modifier.py:85]: Setting MX32 footprint position: (45243750, 100012500)
[board_modifier.py:85]: Setting MX33 footprint position: (71437500, 100012500)
[board_modifier.py:85]: Setting MX34 footprint position: (90487500, 100012500)
[board_modifier.py:85]: Setting MX35 footprint position: (109537500, 100012500)
[board_modifier.py:85]: Setting MX36 footprint position: (128587500, 100012500)
[board_modifier.py:85]: Setting MX37 footprint position: (147637500, 100012500)
[board_modifier.py:85]: Setting MX38 footprint position: (166687500, 100012500)
[board_modifier.py:85]: Setting MX39 footprint position: (185737500, 100012500)
[board_modifier.py:85]: Setting MX40 footprint position: (204787500, 100012500)
[board_modifier.py:85]: Setting MX41 footprint position: (223837500, 100012500)
[board_modifier.py:85]: Setting MX42 footprint position: (245268750, 100012500)
[board_modifier.py:85]: Setting MX43 footprint position: (266700000, 100012500)
[board_modifier.py:85]: Setting MX44 footprint position: (40481250, 119062500)
[board_modifier.py:85]: Setting MX45 footprint position: (61912500, 119062500)
[board_modifier.py:85]: Setting MX46 footprint position: (83343750, 119062500)
[board_modifier.py:85]: Setting MX47 footprint position: (209550000, 119062500)
[board_modifier.py:85]: Setting MX48 footprint position: (228600000, 119062500)
[board_modifier.py:85]: Setting MX49 footprint position: (247650000, 119062500)
[board_modifier.py:85]: Setting MX50 footprint position: (266700000, 119062500)
[board_modifier.py:85]: Setting MX51 footprint position: (121443750, 123825000)
[board_modifier.py:85]: Setting MX52 footprint position: (169068750, 123825000)
[key_placer.py:996]: Diode info: [ElementInfo(annotation_format='D{}', position_option=<PositionOption.CUSTOM: 'Custom'>, position=ElementPosition(x=8.0, y=1.0, orientation=90.0, side=<Side.BACK: 'Back'>), template_path='')]
[board_modifier.py:98]: Getting MX1 footprint position: (38100000, 38100000)
[board_modifier.py:85]: Setting D1 footprint position: (46100000, 39100000)
[board_modifier.py:98]: Getting MX2 footprint position: (61912500, 38100000)
[board_modifier.py:85]: Setting D2 footprint position: (69912500, 39100000)
[board_modifier.py:98]: Getting MX3 footprint position: (80962500, 38100000)
[board_modifier.py:85]: Setting D3 footprint position: (88962500, 39100000)
[board_modifier.py:98]: Getting MX4 footprint position: (100012500, 38100000)
[board_modifier.py:85]: Setting D4 footprint position: (108012500, 39100000)
[board_modifier.py:98]: Getting MX5 footprint position: (119062500, 38100000)
[board_modifier.py:85]: Setting D5 footprint position: (127062500, 39100000)
[board_modifier.py:98]: Getting MX6 footprint position: (138112500, 38100000)
[board_modifier.py:85]: Setting D6 footprint position: (146112500, 39100000)
[board_modifier.py:98]: Getting MX7 footprint position: (38100000, 61912500)
[board_modifier.py:85]: Setting D7 footprint position: (46100000, 62912500)
[board_modifier.py:98]: Getting MX8 footprint position: (57150000, 61912500)
[board_modifier.py:85]: Setting D8 footprint position: (65150000, 62912500)
[board_modifier.py:98]: Getting MX9 footprint position: (76200000, 61912500)
[board_modifier.py:85]: Setting D9 footprint position: (84200000, 62912500)
[board_modifier.py:98]: Getting MX10 footprint position: (95250000, 61912500)
[board_modifier.py:85]: Setting D10 footprint position: (103250000, 62912500)
[board_modifier.py:98]: Getting MX11 footprint position: (114300000, 61912500)
[board_modifier.py:85]: Setting D11 footprint position: (122300000, 62912500)
[board_modifier.py:98]: Getting MX12 footprint position: (133350000, 61912500)
[board_modifier.py:85]: Setting D12 footprint position: (141350000, 62912500)
[board_modifier.py:98]: Getting MX13 footprint position: (152400000, 61912500)
[board_modifier.py:85]: Setting D13 footprint position: (160400000, 62912500)
[board_modifier.py:98]: Getting MX14 footprint position: (171450000, 61912500)
[board_modifier.py:85]: Setting D14 footprint position: (179450000, 62912500)
[board_modifier.py:98]: Getting MX15 footprint position: (190500000, 61912500)
[board_modifier.py:85]: Setting D15 footprint position: (198500000, 62912500)
[board_modifier.py:98]: Getting MX16 footprint position: (209550000, 61912500)
[board_modifier.py:85]: Setting D16 footprint position: (217550000, 62912500)
[board_modifier.py:98]: Getting MX17 footprint position: (228600000, 61912500)
[board_modifier.py:85]: Setting D17 footprint position: (236600000, 62912500)
[board_modifier.py:98]: Getting MX18 footprint position: (247650000, 61912500)
[board_modifier.py:85]: Setting D18 footprint position: (255650000, 62912500)
[board_modifier.py:98]: Getting MX19 footprint position: (266700000, 61912500)
[board_modifier.py:85]: Setting D19 footprint position: (274700000, 62912500)
[board_modifier.py:98]: Getting MX20 footprint position: (42862500, 80962500)
[board_modifier.py:85]: Setting D20 footprint position: (50862500, 81962500)
[board_modifier.py:98]: Getting MX21 footprint position: (66675000, 80962500)
[board_modifier.py:85]: Setting D21 footprint position: (74675000, 81962500)
[board_modifier.py:98]: Getting MX22 footprint position: (85725000, 80962500)
[board_modifier.py:85]: Setting D22 footprint position: (93725000, 81962500)
[board_modifier.py:98]: Getting MX23 footprint position: (104775000, 80962500)
[board_modifier.py:85]: Setting D23 footprint position: (112775000, 81962500)
[board_modifier.py:98]: Getting MX24 footprint position: (123825000, 80962500)
[board_modifier.py:85]: Setting D24 footprint position: (131825000, 81962500)
[board_modifier.py:98]: Getting MX25 footprint position: (142875000, 80962500)
[board_modifier.py:85]: Setting D25 footprint position: (150875000, 81962500)
[board_modifier.py:98]: Getting MX26 footprint position: (161925000, 80962500)
[board_modifier.py:85]: Setting D26 footprint position: (169925000, 81962500)
[board_modifier.py:98]: Getting MX27 footprint position: (180975000, 80962500)
[board_modifier.py:85]: Setting D27 footprint position: (188975000, 81962500)
[board_modifier.py:98]: Getting MX28 footprint position: (200025000, 80962500)
[board_modifier.py:85]: Setting D28 footprint position: (208025000, 81962500)
[board_modifier.py:98]: Getting MX29 footprint position: (219075000, 80962500)
[board_modifier.py:85]: Setting D29 footprint position: (227075000, 81962500)
[board_modifier.py:98]: Getting MX30 footprint position: (238125000, 80962500)
[board_modifier.py:85]: Setting D30 footprint position: (246125000, 81962500)
[board_modifier.py:98]: Getting MX31 footprint position: (261937500, 80962500)
[board_modifier.py:85]: Setting D31 footprint position: (269937500, 81962500)
[board_modifier.py:98]: Getting MX32 footprint position: (45243750, 100012500)
[board_modifier.py:85]: Setting D32 footprint position: (53243750, 101012500)
[board_modifier.py:98]: Getting MX33 footprint position: (71437500, 100012500)
[board_modifier.py:85]: Setting D33 footprint position: (79437500, 101012500)
[board_modifier.py:98]: Getting MX34 footprint position: (90487500, 100012500)
[board_modifier.py:85]: Setting D34 footprint position: (98487500, 101012500)
[board_modifier.py:98]: Getting MX35 footprint position: (109537500, 100012500)
[board_modifier.py:85]: Setting D35 footprint position: (117537500, 101012500)
[board_modifier.py:98]: Getting MX36 footprint position: (128587500, 100012500)
[board_modifier.py:85]: Setting D36 footprint position: (136587500, 101012500)
[board_modifier.py:98]: Getting MX37 footprint position: (147637500, 100012500)
[board_modifier.py:85]: Setting D37 footprint position: (155637500, 101012500)
[board_modifier.py:98]: Getting MX38 footprint position: (166687500, 100012500)
[board_modifier.py:85]: Setting D38 footprint position: (174687500, 101012500)
[board_modifier.py:98]: Getting MX39 footprint position: (185737500, 100012500)
[board_modifier.py:85]: Setting D39 footprint position: (193737500, 101012500)
[board_modifier.py:98]: Getting MX40 footprint position: (204787500, 100012500)
[board_modifier.py:85]: Setting D40 footprint position: (212787500, 101012500)
[board_modifier.py:98]: Getting MX41 footprint position: (223837500, 100012500)
[board_modifier.py:85]: Setting D41 footprint position: (231837500, 101012500)
[board_modifier.py:98]: Getting MX42 footprint position: (245268750, 100012500)
[board_modifier.py:85]: Setting D42 footprint position: (253268750, 101012500)
[board_modifier.py:98]: Getting MX43 footprint position: (266700000, 100012500)
[board_modifier.py:85]: Setting D43 footprint position: (274700000, 101012500)
[board_modifier.py:98]: Getting MX44 footprint position: (40481250, 119062500)
[board_modifier.py:85]: Setting D44 footprint position: (48481250, 120062500)
[board_modifier.py:98]: Getting MX45 footprint position: (61912500, 119062500)
[board_modifier.py:85]: Setting D45 footprint position: (69912500, 120062500)
[board_modifier.py:98]: Getting MX46 footprint position: (83343750, 119062500)
[board_modifier.py:85]: Setting D46 footprint position: (91343750, 120062500)
[board_modifier.py:98]: Getting MX47 footprint position: (209550000, 119062500)
[board_modifier.py:85]: Setting D47 footprint position: (217550000, 120062500)
[board_modifier.py:98]: Getting MX48 footprint position: (228600000, 119062500)
[board_modifier.py:85]: Setting D48 footprint position: (236600000, 120062500)
[board_modifier.py:98]: Getting MX49 footprint position: (247650000, 119062500)
[board_modifier.py:85]: Setting D49 footprint position: (255650000, 120062500)
[board_modifier.py:98]: Getting MX50 footprint position: (266700000, 119062500)
[board_modifier.py:85]: Setting D50 footprint position: (274700000, 120062500)
[board_modifier.py:98]: Getting MX51 footprint position: (121443750, 123825000)
[board_modifier.py:85]: Setting D51 footprint position: (129443750, 124825000)
[board_modifier.py:98]: Getting MX52 footprint position: (169068750, 123825000)
[board_modifier.py:85]: Setting D52 footprint position: (177068750, 124825000)
[key_placer.py:774]: Placing additional elements for MX52
[board_modifier.py:98]: Getting MX52 footprint position: (169068750, 123825000)
[board_modifier.py:75]: Searching for optional ST52 footprint in C:\Users\littl\Documents\code\shrimple\shrimple\shrimple.kicad_pcb
[board_modifier.py:80]: Footprint not found
[key_placer.py:774]: Placing additional elements for MX51
[board_modifier.py:98]: Getting MX51 footprint position: (121443750, 123825000)
[board_modifier.py:75]: Searching for optional ST51 footprint in C:\Users\littl\Documents\code\shrimple\shrimple\shrimple.kicad_pcb
[board_modifier.py:80]: Footprint not found
[key_placer.py:774]: Placing additional elements for MX50
[board_modifier.py:98]: Getting MX50 footprint position: (266700000, 119062500)
[board_modifier.py:75]: Searching for optional ST50 footprint in C:\Users\littl\Documents\code\shrimple\shrimple\shrimple.kicad_pcb
[board_modifier.py:80]: Footprint not found
[key_placer.py:774]: Placing additional elements for MX49
[board_modifier.py:98]: Getting MX49 footprint position: (247650000, 119062500)
[board_modifier.py:75]: Searching for optional ST49 footprint in C:\Users\littl\Documents\code\shrimple\shrimple\shrimple.kicad_pcb
[board_modifier.py:80]: Footprint not found
[key_placer.py:774]: Placing additional elements for MX48
[board_modifier.py:98]: Getting MX48 footprint position: (228600000, 119062500)
[board_modifier.py:75]: Searching for optional ST48 footprint in C:\Users\littl\Documents\code\shrimple\shrimple\shrimple.kicad_pcb
[board_modifier.py:80]: Footprint not found
[key_placer.py:774]: Placing additional elements for MX47
[board_modifier.py:98]: Getting MX47 footprint position: (209550000, 119062500)
[board_modifier.py:75]: Searching for optional ST47 footprint in C:\Users\littl\Documents\code\shrimple\shrimple\shrimple.kicad_pcb
[board_modifier.py:80]: Footprint not found
[key_placer.py:774]: Placing additional elements for MX46
[board_modifier.py:98]: Getting MX46 footprint position: (83343750, 119062500)
[board_modifier.py:75]: Searching for optional ST46 footprint in C:\Users\littl\Documents\code\shrimple\shrimple\shrimple.kicad_pcb
[board_modifier.py:80]: Footprint not found
[key_placer.py:774]: Placing additional elements for MX45
[board_modifier.py:98]: Getting MX45 footprint position: (61912500, 119062500)
[board_modifier.py:75]: Searching for optional ST45 footprint in C:\Users\littl\Documents\code\shrimple\shrimple\shrimple.kicad_pcb
[board_modifier.py:80]: Footprint not found
[key_placer.py:774]: Placing additional elements for MX44
[board_modifier.py:98]: Getting MX44 footprint position: (40481250, 119062500)
[board_modifier.py:75]: Searching for optional ST44 footprint in C:\Users\littl\Documents\code\shrimple\shrimple\shrimple.kicad_pcb
[board_modifier.py:80]: Footprint not found
[key_placer.py:774]: Placing additional elements for MX43
[board_modifier.py:98]: Getting MX43 footprint position: (266700000, 100012500)
[board_modifier.py:75]: Searching for optional ST43 footprint in C:\Users\littl\Documents\code\shrimple\shrimple\shrimple.kicad_pcb
[board_modifier.py:80]: Footprint not found
[key_placer.py:774]: Placing additional elements for MX42
[board_modifier.py:98]: Getting MX42 footprint position: (245268750, 100012500)
[board_modifier.py:75]: Searching for optional ST42 footprint in C:\Users\littl\Documents\code\shrimple\shrimple\shrimple.kicad_pcb
[board_modifier.py:80]: Footprint not found
[key_placer.py:774]: Placing additional elements for MX41
[board_modifier.py:98]: Getting MX41 footprint position: (223837500, 100012500)
[board_modifier.py:75]: Searching for optional ST41 footprint in C:\Users\littl\Documents\code\shrimple\shrimple\shrimple.kicad_pcb
[board_modifier.py:80]: Footprint not found
[key_placer.py:774]: Placing additional elements for MX40
[board_modifier.py:98]: Getting MX40 footprint position: (204787500, 100012500)
[board_modifier.py:75]: Searching for optional ST40 footprint in C:\Users\littl\Documents\code\shrimple\shrimple\shrimple.kicad_pcb
[board_modifier.py:80]: Footprint not found
[key_placer.py:774]: Placing additional elements for MX39
[board_modifier.py:98]: Getting MX39 footprint position: (185737500, 100012500)
[board_modifier.py:75]: Searching for optional ST39 footprint in C:\Users\littl\Documents\code\shrimple\shrimple\shrimple.kicad_pcb
[board_modifier.py:80]: Footprint not found
[key_placer.py:774]: Placing additional elements for MX38
[board_modifier.py:98]: Getting MX38 footprint position: (166687500, 100012500)
[board_modifier.py:75]: Searching for optional ST38 footprint in C:\Users\littl\Documents\code\shrimple\shrimple\shrimple.kicad_pcb
[board_modifier.py:80]: Footprint not found
[key_placer.py:774]: Placing additional elements for MX37
[board_modifier.py:98]: Getting MX37 footprint position: (147637500, 100012500)
[board_modifier.py:75]: Searching for optional ST37 footprint in C:\Users\littl\Documents\code\shrimple\shrimple\shrimple.kicad_pcb
[board_modifier.py:80]: Footprint not found
[key_placer.py:774]: Placing additional elements for MX36
[board_modifier.py:98]: Getting MX36 footprint position: (128587500, 100012500)
[board_modifier.py:75]: Searching for optional ST36 footprint in C:\Users\littl\Documents\code\shrimple\shrimple\shrimple.kicad_pcb
[board_modifier.py:80]: Footprint not found
[key_placer.py:774]: Placing additional elements for MX35
[board_modifier.py:98]: Getting MX35 footprint position: (109537500, 100012500)
[board_modifier.py:75]: Searching for optional ST35 footprint in C:\Users\littl\Documents\code\shrimple\shrimple\shrimple.kicad_pcb
[board_modifier.py:80]: Footprint not found
[key_placer.py:774]: Placing additional elements for MX34
[board_modifier.py:98]: Getting MX34 footprint position: (90487500, 100012500)
[board_modifier.py:75]: Searching for optional ST34 footprint in C:\Users\littl\Documents\code\shrimple\shrimple\shrimple.kicad_pcb
[board_modifier.py:80]: Footprint not found
[key_placer.py:774]: Placing additional elements for MX33
[board_modifier.py:98]: Getting MX33 footprint position: (71437500, 100012500)
[board_modifier.py:75]: Searching for optional ST33 footprint in C:\Users\littl\Documents\code\shrimple\shrimple\shrimple.kicad_pcb
[board_modifier.py:80]: Footprint not found
[key_placer.py:774]: Placing additional elements for MX32
[board_modifier.py:98]: Getting MX32 footprint position: (45243750, 100012500)
[board_modifier.py:75]: Searching for optional ST32 footprint in C:\Users\littl\Documents\code\shrimple\shrimple\shrimple.kicad_pcb
[board_modifier.py:80]: Footprint not found
[key_placer.py:774]: Placing additional elements for MX31
[board_modifier.py:98]: Getting MX31 footprint position: (261937500, 80962500)
[board_modifier.py:75]: Searching for optional ST31 footprint in C:\Users\littl\Documents\code\shrimple\shrimple\shrimple.kicad_pcb
[board_modifier.py:80]: Footprint not found
[key_placer.py:774]: Placing additional elements for MX30
[board_modifier.py:98]: Getting MX30 footprint position: (238125000, 80962500)
[board_modifier.py:75]: Searching for optional ST30 footprint in C:\Users\littl\Documents\code\shrimple\shrimple\shrimple.kicad_pcb
[board_modifier.py:80]: Footprint not found
[key_placer.py:774]: Placing additional elements for MX29
[board_modifier.py:98]: Getting MX29 footprint position: (219075000, 80962500)
[board_modifier.py:75]: Searching for optional ST29 footprint in C:\Users\littl\Documents\code\shrimple\shrimple\shrimple.kicad_pcb
[board_modifier.py:80]: Footprint not found
[key_placer.py:774]: Placing additional elements for MX28
[board_modifier.py:98]: Getting MX28 footprint position: (200025000, 80962500)
[board_modifier.py:75]: Searching for optional ST28 footprint in C:\Users\littl\Documents\code\shrimple\shrimple\shrimple.kicad_pcb
[board_modifier.py:80]: Footprint not found
[key_placer.py:774]: Placing additional elements for MX27
[board_modifier.py:98]: Getting MX27 footprint position: (180975000, 80962500)
[board_modifier.py:75]: Searching for optional ST27 footprint in C:\Users\littl\Documents\code\shrimple\shrimple\shrimple.kicad_pcb
[board_modifier.py:80]: Footprint not found
[key_placer.py:774]: Placing additional elements for MX26
[board_modifier.py:98]: Getting MX26 footprint position: (161925000, 80962500)
[board_modifier.py:75]: Searching for optional ST26 footprint in C:\Users\littl\Documents\code\shrimple\shrimple\shrimple.kicad_pcb
[board_modifier.py:80]: Footprint not found
[key_placer.py:774]: Placing additional elements for MX25
[board_modifier.py:98]: Getting MX25 footprint position: (142875000, 80962500)
[board_modifier.py:75]: Searching for optional ST25 footprint in C:\Users\littl\Documents\code\shrimple\shrimple\shrimple.kicad_pcb
[board_modifier.py:80]: Footprint not found
[key_placer.py:774]: Placing additional elements for MX24
[board_modifier.py:98]: Getting MX24 footprint position: (123825000, 80962500)
[board_modifier.py:75]: Searching for optional ST24 footprint in C:\Users\littl\Documents\code\shrimple\shrimple\shrimple.kicad_pcb
[board_modifier.py:80]: Footprint not found
[key_placer.py:774]: Placing additional elements for MX23
[board_modifier.py:98]: Getting MX23 footprint position: (104775000, 80962500)
[board_modifier.py:75]: Searching for optional ST23 footprint in C:\Users\littl\Documents\code\shrimple\shrimple\shrimple.kicad_pcb
[board_modifier.py:80]: Footprint not found
[key_placer.py:774]: Placing additional elements for MX22
[board_modifier.py:98]: Getting MX22 footprint position: (85725000, 80962500)
[board_modifier.py:75]: Searching for optional ST22 footprint in C:\Users\littl\Documents\code\shrimple\shrimple\shrimple.kicad_pcb
[board_modifier.py:80]: Footprint not found
[key_placer.py:774]: Placing additional elements for MX21
[board_modifier.py:98]: Getting MX21 footprint position: (66675000, 80962500)
[board_modifier.py:75]: Searching for optional ST21 footprint in C:\Users\littl\Documents\code\shrimple\shrimple\shrimple.kicad_pcb
[board_modifier.py:80]: Footprint not found
[key_placer.py:774]: Placing additional elements for MX20
[board_modifier.py:98]: Getting MX20 footprint position: (42862500, 80962500)
[board_modifier.py:75]: Searching for optional ST20 footprint in C:\Users\littl\Documents\code\shrimple\shrimple\shrimple.kicad_pcb
[board_modifier.py:80]: Footprint not found
[key_placer.py:774]: Placing additional elements for MX19
[board_modifier.py:98]: Getting MX19 footprint position: (266700000, 61912500)
[board_modifier.py:75]: Searching for optional ST19 footprint in C:\Users\littl\Documents\code\shrimple\shrimple\shrimple.kicad_pcb
[board_modifier.py:80]: Footprint not found
[key_placer.py:774]: Placing additional elements for MX18
[board_modifier.py:98]: Getting MX18 footprint position: (247650000, 61912500)
[board_modifier.py:75]: Searching for optional ST18 footprint in C:\Users\littl\Documents\code\shrimple\shrimple\shrimple.kicad_pcb
[board_modifier.py:80]: Footprint not found
[key_placer.py:774]: Placing additional elements for MX17
[board_modifier.py:98]: Getting MX17 footprint position: (228600000, 61912500)
[board_modifier.py:75]: Searching for optional ST17 footprint in C:\Users\littl\Documents\code\shrimple\shrimple\shrimple.kicad_pcb
[board_modifier.py:80]: Footprint not found
[key_placer.py:774]: Placing additional elements for MX16
[board_modifier.py:98]: Getting MX16 footprint position: (209550000, 61912500)
[board_modifier.py:75]: Searching for optional ST16 footprint in C:\Users\littl\Documents\code\shrimple\shrimple\shrimple.kicad_pcb
[board_modifier.py:80]: Footprint not found
[key_placer.py:774]: Placing additional elements for MX15
[board_modifier.py:98]: Getting MX15 footprint position: (190500000, 61912500)
[board_modifier.py:75]: Searching for optional ST15 footprint in C:\Users\littl\Documents\code\shrimple\shrimple\shrimple.kicad_pcb
[board_modifier.py:80]: Footprint not found
[key_placer.py:774]: Placing additional elements for MX14
[board_modifier.py:98]: Getting MX14 footprint position: (171450000, 61912500)
[board_modifier.py:75]: Searching for optional ST14 footprint in C:\Users\littl\Documents\code\shrimple\shrimple\shrimple.kicad_pcb
[board_modifier.py:80]: Footprint not found
[key_placer.py:774]: Placing additional elements for MX13
[board_modifier.py:98]: Getting MX13 footprint position: (152400000, 61912500)
[board_modifier.py:75]: Searching for optional ST13 footprint in C:\Users\littl\Documents\code\shrimple\shrimple\shrimple.kicad_pcb
[board_modifier.py:80]: Footprint not found
[key_placer.py:774]: Placing additional elements for MX12
[board_modifier.py:98]: Getting MX12 footprint position: (133350000, 61912500)
[board_modifier.py:75]: Searching for optional ST12 footprint in C:\Users\littl\Documents\code\shrimple\shrimple\shrimple.kicad_pcb
[board_modifier.py:80]: Footprint not found
[key_placer.py:774]: Placing additional elements for MX11
[board_modifier.py:98]: Getting MX11 footprint position: (114300000, 61912500)
[board_modifier.py:75]: Searching for optional ST11 footprint in C:\Users\littl\Documents\code\shrimple\shrimple\shrimple.kicad_pcb
[board_modifier.py:80]: Footprint not found
[key_placer.py:774]: Placing additional elements for MX10
[board_modifier.py:98]: Getting MX10 footprint position: (95250000, 61912500)
[board_modifier.py:75]: Searching for optional ST10 footprint in C:\Users\littl\Documents\code\shrimple\shrimple\shrimple.kicad_pcb
[board_modifier.py:80]: Footprint not found
[key_placer.py:774]: Placing additional elements for MX9
[board_modifier.py:98]: Getting MX9 footprint position: (76200000, 61912500)
[board_modifier.py:75]: Searching for optional ST9 footprint in C:\Users\littl\Documents\code\shrimple\shrimple\shrimple.kicad_pcb
[board_modifier.py:80]: Footprint not found
[key_placer.py:774]: Placing additional elements for MX8
[board_modifier.py:98]: Getting MX8 footprint position: (57150000, 61912500)
[board_modifier.py:75]: Searching for optional ST8 footprint in C:\Users\littl\Documents\code\shrimple\shrimple\shrimple.kicad_pcb
[board_modifier.py:80]: Footprint not found
[key_placer.py:774]: Placing additional elements for MX7
[board_modifier.py:98]: Getting MX7 footprint position: (38100000, 61912500)
[board_modifier.py:75]: Searching for optional ST7 footprint in C:\Users\littl\Documents\code\shrimple\shrimple\shrimple.kicad_pcb
[board_modifier.py:80]: Footprint not found
[key_placer.py:774]: Placing additional elements for MX6
[board_modifier.py:98]: Getting MX6 footprint position: (138112500, 38100000)
[board_modifier.py:75]: Searching for optional ST6 footprint in C:\Users\littl\Documents\code\shrimple\shrimple\shrimple.kicad_pcb
[board_modifier.py:80]: Footprint not found
[key_placer.py:774]: Placing additional elements for MX5
[board_modifier.py:98]: Getting MX5 footprint position: (119062500, 38100000)
[board_modifier.py:75]: Searching for optional ST5 footprint in C:\Users\littl\Documents\code\shrimple\shrimple\shrimple.kicad_pcb
[board_modifier.py:80]: Footprint not found
[key_placer.py:774]: Placing additional elements for MX4
[board_modifier.py:98]: Getting MX4 footprint position: (100012500, 38100000)
[board_modifier.py:75]: Searching for optional ST4 footprint in C:\Users\littl\Documents\code\shrimple\shrimple\shrimple.kicad_pcb
[board_modifier.py:80]: Footprint not found
[key_placer.py:774]: Placing additional elements for MX3
[board_modifier.py:98]: Getting MX3 footprint position: (80962500, 38100000)
[board_modifier.py:75]: Searching for optional ST3 footprint in C:\Users\littl\Documents\code\shrimple\shrimple\shrimple.kicad_pcb
[board_modifier.py:80]: Footprint not found
[key_placer.py:774]: Placing additional elements for MX2
[board_modifier.py:98]: Getting MX2 footprint position: (61912500, 38100000)
[board_modifier.py:75]: Searching for optional ST2 footprint in C:\Users\littl\Documents\code\shrimple\shrimple\shrimple.kicad_pcb
[board_modifier.py:80]: Footprint not found
[key_placer.py:774]: Placing additional elements for MX1
[board_modifier.py:98]: Getting MX1 footprint position: (38100000, 38100000)
[board_modifier.py:75]: Searching for optional ST1 footprint in C:\Users\littl\Documents\code\shrimple\shrimple\shrimple.kicad_pcb
[board_modifier.py:80]: Footprint not found
